#! /c/Source/iverilog-install/bin/vvp
:ivl_version "12.0 (devel)" "(s20150603-1539-g2693dd32b)";
:ivl_delay_selection "TYPICAL";
:vpi_time_precision + 0;
:vpi_module "C:\iverilog\lib\ivl\system.vpi";
:vpi_module "C:\iverilog\lib\ivl\vhdl_sys.vpi";
:vpi_module "C:\iverilog\lib\ivl\vhdl_textio.vpi";
:vpi_module "C:\iverilog\lib\ivl\v2005_math.vpi";
:vpi_module "C:\iverilog\lib\ivl\va_math.vpi";
S_000001cb87a6b4d0 .scope module, "tb_DMux8Way" "tb_DMux8Way" 2 17;
 .timescale 0 0;
v000001cb87c29830_0 .net "a", 0 0, L_000001cb87a69af0;  1 drivers
v000001cb87c29290_0 .net "b", 0 0, L_000001cb87a695b0;  1 drivers
v000001cb87c29330_0 .net "c", 0 0, L_000001cb87a69850;  1 drivers
v000001cb87c293d0_0 .net "d", 0 0, L_000001cb87a69700;  1 drivers
v000001cb87c28610_0 .net "e", 0 0, L_000001cb87a69b60;  1 drivers
v000001cb87c29470_0 .net "f", 0 0, L_000001cb87a69930;  1 drivers
v000001cb87c29510_0 .net "g", 0 0, L_000001cb87a69a80;  1 drivers
v000001cb87c295b0_0 .net "h", 0 0, L_000001cb87a69bd0;  1 drivers
v000001cb87c298d0_0 .var "in", 0 0;
v000001cb87c29a10_0 .var "sel", 2 0;
S_000001cb87bbea80 .scope module, "mymodule" "DMux8Way" 2 29, 3 8 0, S_000001cb87a6b4d0;
 .timescale 0 0;
    .port_info 0 /OUTPUT 1 "a";
    .port_info 1 /OUTPUT 1 "b";
    .port_info 2 /OUTPUT 1 "c";
    .port_info 3 /OUTPUT 1 "d";
    .port_info 4 /OUTPUT 1 "e";
    .port_info 5 /OUTPUT 1 "f";
    .port_info 6 /OUTPUT 1 "g";
    .port_info 7 /OUTPUT 1 "h";
    .port_info 8 /INPUT 1 "in";
    .port_info 9 /INPUT 3 "sel";
v000001cb87c28bb0_0 .net "a", 0 0, L_000001cb87a69af0;  alias, 1 drivers
v000001cb87c282f0_0 .net "b", 0 0, L_000001cb87a695b0;  alias, 1 drivers
v000001cb87c28d90_0 .net "c", 0 0, L_000001cb87a69850;  alias, 1 drivers
v000001cb87c28430_0 .net "d", 0 0, L_000001cb87a69700;  alias, 1 drivers
v000001cb87c29970_0 .net "e", 0 0, L_000001cb87a69b60;  alias, 1 drivers
v000001cb87c289d0_0 .net "f", 0 0, L_000001cb87a69930;  alias, 1 drivers
v000001cb87c28c50_0 .net "g", 0 0, L_000001cb87a69a80;  alias, 1 drivers
v000001cb87c28ed0_0 .net "h", 0 0, L_000001cb87a69bd0;  alias, 1 drivers
v000001cb87c284d0_0 .net "in", 0 0, v000001cb87c298d0_0;  1 drivers
v000001cb87c29010_0 .net "sel", 2 0, v000001cb87c29a10_0;  1 drivers
v000001cb87c29150_0 .net "w1", 0 0, L_000001cb87a693f0;  1 drivers
v000001cb87c29d30_0 .net "w2", 0 0, L_000001cb87a69380;  1 drivers
v000001cb87c28570_0 .net "w3", 0 0, L_000001cb87a69460;  1 drivers
v000001cb87c291f0_0 .net "w4", 0 0, L_000001cb87a697e0;  1 drivers
v000001cb87c29ab0_0 .net "w5", 0 0, L_000001cb87a69540;  1 drivers
v000001cb87c296f0_0 .net "w6", 0 0, L_000001cb87a69690;  1 drivers
L_000001cb87c29f10 .part v000001cb87c29a10_0, 2, 1;
L_000001cb87c29bf0 .part v000001cb87c29a10_0, 1, 1;
L_000001cb87c28070 .part v000001cb87c29a10_0, 1, 1;
L_000001cb87c2a080 .part v000001cb87c29a10_0, 0, 1;
L_000001cb87c2a800 .part v000001cb87c29a10_0, 0, 1;
L_000001cb87c2b520 .part v000001cb87c29a10_0, 0, 1;
L_000001cb87c2af80 .part v000001cb87c29a10_0, 0, 1;
S_000001cb87bbec10 .scope module, "dmux0" "DMux" 3 14, 4 7 0, S_000001cb87bbea80;
 .timescale 0 0;
    .port_info 0 /OUTPUT 1 "a";
    .port_info 1 /OUTPUT 1 "b";
    .port_info 2 /INPUT 1 "in";
    .port_info 3 /INPUT 1 "sel";
L_000001cb87a69380 .functor AND 1, v000001cb87c298d0_0, L_000001cb87c29f10, C4<1>, C4<1>;
L_000001cb87a693f0 .functor AND 1, v000001cb87c298d0_0, L_000001cb87a69c40, C4<1>, C4<1>;
L_000001cb87a69c40 .functor NOT 1, L_000001cb87c29f10, C4<0>, C4<0>, C4<0>;
v000001cb87a6abe0_0 .net "a", 0 0, L_000001cb87a693f0;  alias, 1 drivers
v000001cb87a6ac80_0 .net "b", 0 0, L_000001cb87a69380;  alias, 1 drivers
v000001cb87a6ae60_0 .net "in", 0 0, v000001cb87c298d0_0;  alias, 1 drivers
v000001cb87a6ad20_0 .net "sel", 0 0, L_000001cb87c29f10;  1 drivers
v000001cb87a6a8c0_0 .net "w1", 0 0, L_000001cb87a69c40;  1 drivers
S_000001cb87bb6910 .scope module, "dmux1" "DMux" 3 16, 4 7 0, S_000001cb87bbea80;
 .timescale 0 0;
    .port_info 0 /OUTPUT 1 "a";
    .port_info 1 /OUTPUT 1 "b";
    .port_info 2 /INPUT 1 "in";
    .port_info 3 /INPUT 1 "sel";
L_000001cb87a697e0 .functor AND 1, L_000001cb87a693f0, L_000001cb87c29bf0, C4<1>, C4<1>;
L_000001cb87a69460 .functor AND 1, L_000001cb87a693f0, L_000001cb87a69310, C4<1>, C4<1>;
L_000001cb87a69310 .functor NOT 1, L_000001cb87c29bf0, C4<0>, C4<0>, C4<0>;
v000001cb87a6a6e0_0 .net "a", 0 0, L_000001cb87a69460;  alias, 1 drivers
v000001cb87a6a5a0_0 .net "b", 0 0, L_000001cb87a697e0;  alias, 1 drivers
v000001cb87a6afa0_0 .net "in", 0 0, L_000001cb87a693f0;  alias, 1 drivers
v000001cb87a6b040_0 .net "sel", 0 0, L_000001cb87c29bf0;  1 drivers
v000001cb87a6a780_0 .net "w1", 0 0, L_000001cb87a69310;  1 drivers
S_000001cb87bb6aa0 .scope module, "dmux2" "DMux" 3 17, 4 7 0, S_000001cb87bbea80;
 .timescale 0 0;
    .port_info 0 /OUTPUT 1 "a";
    .port_info 1 /OUTPUT 1 "b";
    .port_info 2 /INPUT 1 "in";
    .port_info 3 /INPUT 1 "sel";
L_000001cb87a69690 .functor AND 1, L_000001cb87a69380, L_000001cb87c28070, C4<1>, C4<1>;
L_000001cb87a69540 .functor AND 1, L_000001cb87a69380, L_000001cb87a69a10, C4<1>, C4<1>;
L_000001cb87a69a10 .functor NOT 1, L_000001cb87c28070, C4<0>, C4<0>, C4<0>;
v000001cb87a6a820_0 .net "a", 0 0, L_000001cb87a69540;  alias, 1 drivers
v000001cb87a6aa00_0 .net "b", 0 0, L_000001cb87a69690;  alias, 1 drivers
v000001cb87a6b180_0 .net "in", 0 0, L_000001cb87a69380;  alias, 1 drivers
v000001cb87a6b2c0_0 .net "sel", 0 0, L_000001cb87c28070;  1 drivers
v000001cb87c29e70_0 .net "w1", 0 0, L_000001cb87a69a10;  1 drivers
S_000001cb87b2e7c0 .scope module, "dmux3" "DMux" 3 19, 4 7 0, S_000001cb87bbea80;
 .timescale 0 0;
    .port_info 0 /OUTPUT 1 "a";
    .port_info 1 /OUTPUT 1 "b";
    .port_info 2 /INPUT 1 "in";
    .port_info 3 /INPUT 1 "sel";
L_000001cb87a695b0 .functor AND 1, L_000001cb87a69460, L_000001cb87c2a080, C4<1>, C4<1>;
L_000001cb87a69af0 .functor AND 1, L_000001cb87a69460, L_000001cb87a69620, C4<1>, C4<1>;
L_000001cb87a69620 .functor NOT 1, L_000001cb87c2a080, C4<0>, C4<0>, C4<0>;
v000001cb87c290b0_0 .net "a", 0 0, L_000001cb87a69af0;  alias, 1 drivers
v000001cb87c28750_0 .net "b", 0 0, L_000001cb87a695b0;  alias, 1 drivers
v000001cb87c287f0_0 .net "in", 0 0, L_000001cb87a69460;  alias, 1 drivers
v000001cb87c28390_0 .net "sel", 0 0, L_000001cb87c2a080;  1 drivers
v000001cb87c281b0_0 .net "w1", 0 0, L_000001cb87a69620;  1 drivers
S_000001cb87b2e950 .scope module, "dmux4" "DMux" 3 20, 4 7 0, S_000001cb87bbea80;
 .timescale 0 0;
    .port_info 0 /OUTPUT 1 "a";
    .port_info 1 /OUTPUT 1 "b";
    .port_info 2 /INPUT 1 "in";
    .port_info 3 /INPUT 1 "sel";
L_000001cb87a69700 .functor AND 1, L_000001cb87a697e0, L_000001cb87c2a800, C4<1>, C4<1>;
L_000001cb87a69850 .functor AND 1, L_000001cb87a697e0, L_000001cb87a698c0, C4<1>, C4<1>;
L_000001cb87a698c0 .functor NOT 1, L_000001cb87c2a800, C4<0>, C4<0>, C4<0>;
v000001cb87c29c90_0 .net "a", 0 0, L_000001cb87a69850;  alias, 1 drivers
v000001cb87c29dd0_0 .net "b", 0 0, L_000001cb87a69700;  alias, 1 drivers
v000001cb87c28a70_0 .net "in", 0 0, L_000001cb87a697e0;  alias, 1 drivers
v000001cb87c28f70_0 .net "sel", 0 0, L_000001cb87c2a800;  1 drivers
v000001cb87c28890_0 .net "w1", 0 0, L_000001cb87a698c0;  1 drivers
S_000001cb87b2eae0 .scope module, "dmux5" "DMux" 3 21, 4 7 0, S_000001cb87bbea80;
 .timescale 0 0;
    .port_info 0 /OUTPUT 1 "a";
    .port_info 1 /OUTPUT 1 "b";
    .port_info 2 /INPUT 1 "in";
    .port_info 3 /INPUT 1 "sel";
L_000001cb87a69930 .functor AND 1, L_000001cb87a69540, L_000001cb87c2b520, C4<1>, C4<1>;
L_000001cb87a69b60 .functor AND 1, L_000001cb87a69540, L_000001cb87a699a0, C4<1>, C4<1>;
L_000001cb87a699a0 .functor NOT 1, L_000001cb87c2b520, C4<0>, C4<0>, C4<0>;
v000001cb87c28e30_0 .net "a", 0 0, L_000001cb87a69b60;  alias, 1 drivers
v000001cb87c29790_0 .net "b", 0 0, L_000001cb87a69930;  alias, 1 drivers
v000001cb87c286b0_0 .net "in", 0 0, L_000001cb87a69540;  alias, 1 drivers
v000001cb87c28110_0 .net "sel", 0 0, L_000001cb87c2b520;  1 drivers
v000001cb87c28b10_0 .net "w1", 0 0, L_000001cb87a699a0;  1 drivers
S_000001cb87b2ec70 .scope module, "dmux6" "DMux" 3 22, 4 7 0, S_000001cb87bbea80;
 .timescale 0 0;
    .port_info 0 /OUTPUT 1 "a";
    .port_info 1 /OUTPUT 1 "b";
    .port_info 2 /INPUT 1 "in";
    .port_info 3 /INPUT 1 "sel";
L_000001cb87a69bd0 .functor AND 1, L_000001cb87a69690, L_000001cb87c2af80, C4<1>, C4<1>;
L_000001cb87a69a80 .functor AND 1, L_000001cb87a69690, L_000001cb87a69d90, C4<1>, C4<1>;
L_000001cb87a69d90 .functor NOT 1, L_000001cb87c2af80, C4<0>, C4<0>, C4<0>;
v000001cb87c28930_0 .net "a", 0 0, L_000001cb87a69a80;  alias, 1 drivers
v000001cb87c28cf0_0 .net "b", 0 0, L_000001cb87a69bd0;  alias, 1 drivers
v000001cb87c28250_0 .net "in", 0 0, L_000001cb87a69690;  alias, 1 drivers
v000001cb87c29b50_0 .net "sel", 0 0, L_000001cb87c2af80;  1 drivers
v000001cb87c29650_0 .net "w1", 0 0, L_000001cb87a69d90;  1 drivers
    .scope S_000001cb87a6b4d0;
T_0 ;
    %vpi_call 2 33 "$dumpfile", "tb_DMux8Way.vcd" {0 0 0};
    %vpi_call 2 34 "$dumpvars", 32'sb00000000000000000000000000000000, S_000001cb87a6b4d0 {0 0 0};
    %pushi/vec4 0, 0, 1;
    %store/vec4 v000001cb87c298d0_0, 0, 1;
    %pushi/vec4 0, 0, 3;
    %store/vec4 v000001cb87c29a10_0, 0, 3;
    %delay 1, 0;
    %load/vec4 v000001cb87c29830_0;
    %cmpi/ne 0, 0, 1;
    %jmp/0xz  T_0.0, 6;
    %vpi_call 2 40 "$display", "ASSERTION FAILED in %m: a != 1'b0" {0 0 0};
    %vpi_call 2 41 "$finish" {0 0 0};
    %jmp T_0.1;
T_0.0 ;
    %vpi_call 2 43 "$display", "Success! %m: a = 1'b0" {0 0 0};
T_0.1 ;
    %load/vec4 v000001cb87c29290_0;
    %cmpi/ne 0, 0, 1;
    %jmp/0xz  T_0.2, 6;
    %vpi_call 2 40 "$display", "ASSERTION FAILED in %m: b != 1'b0" {0 0 0};
    %vpi_call 2 41 "$finish" {0 0 0};
    %jmp T_0.3;
T_0.2 ;
    %vpi_call 2 43 "$display", "Success! %m: b = 1'b0" {0 0 0};
T_0.3 ;
    %load/vec4 v000001cb87c29330_0;
    %cmpi/ne 0, 0, 1;
    %jmp/0xz  T_0.4, 6;
    %vpi_call 2 40 "$display", "ASSERTION FAILED in %m: c != 1'b0" {0 0 0};
    %vpi_call 2 41 "$finish" {0 0 0};
    %jmp T_0.5;
T_0.4 ;
    %vpi_call 2 43 "$display", "Success! %m: c = 1'b0" {0 0 0};
T_0.5 ;
    %load/vec4 v000001cb87c293d0_0;
    %cmpi/ne 0, 0, 1;
    %jmp/0xz  T_0.6, 6;
    %vpi_call 2 40 "$display", "ASSERTION FAILED in %m: d != 1'b0" {0 0 0};
    %vpi_call 2 41 "$finish" {0 0 0};
    %jmp T_0.7;
T_0.6 ;
    %vpi_call 2 43 "$display", "Success! %m: d = 1'b0" {0 0 0};
T_0.7 ;
    %load/vec4 v000001cb87c28610_0;
    %cmpi/ne 0, 0, 1;
    %jmp/0xz  T_0.8, 6;
    %vpi_call 2 40 "$display", "ASSERTION FAILED in %m: e != 1'b0" {0 0 0};
    %vpi_call 2 41 "$finish" {0 0 0};
    %jmp T_0.9;
T_0.8 ;
    %vpi_call 2 43 "$display", "Success! %m: e = 1'b0" {0 0 0};
T_0.9 ;
    %load/vec4 v000001cb87c29470_0;
    %cmpi/ne 0, 0, 1;
    %jmp/0xz  T_0.10, 6;
    %vpi_call 2 40 "$display", "ASSERTION FAILED in %m: f != 1'b0" {0 0 0};
    %vpi_call 2 41 "$finish" {0 0 0};
    %jmp T_0.11;
T_0.10 ;
    %vpi_call 2 43 "$display", "Success! %m: f = 1'b0" {0 0 0};
T_0.11 ;
    %load/vec4 v000001cb87c29510_0;
    %cmpi/ne 0, 0, 1;
    %jmp/0xz  T_0.12, 6;
    %vpi_call 2 40 "$display", "ASSERTION FAILED in %m: g != 1'b0" {0 0 0};
    %vpi_call 2 41 "$finish" {0 0 0};
    %jmp T_0.13;
T_0.12 ;
    %vpi_call 2 43 "$display", "Success! %m: g = 1'b0" {0 0 0};
T_0.13 ;
    %load/vec4 v000001cb87c295b0_0;
    %cmpi/ne 0, 0, 1;
    %jmp/0xz  T_0.14, 6;
    %vpi_call 2 40 "$display", "ASSERTION FAILED in %m: h != 1'b0" {0 0 0};
    %vpi_call 2 41 "$finish" {0 0 0};
    %jmp T_0.15;
T_0.14 ;
    %vpi_call 2 43 "$display", "Success! %m: h = 1'b0" {0 0 0};
T_0.15 ;
    %pushi/vec4 0, 0, 1;
    %store/vec4 v000001cb87c298d0_0, 0, 1;
    %pushi/vec4 1, 0, 3;
    %store/vec4 v000001cb87c29a10_0, 0, 3;
    %delay 1, 0;
    %load/vec4 v000001cb87c29830_0;
    %cmpi/ne 0, 0, 1;
    %jmp/0xz  T_0.16, 6;
    %vpi_call 2 42 "$display", "ASSERTION FAILED in %m: a != 1'b0" {0 0 0};
    %vpi_call 2 43 "$finish" {0 0 0};
    %jmp T_0.17;
T_0.16 ;
    %vpi_call 2 45 "$display", "Success! %m: a = 1'b0" {0 0 0};
T_0.17 ;
    %load/vec4 v000001cb87c29290_0;
    %cmpi/ne 0, 0, 1;
    %jmp/0xz  T_0.18, 6;
    %vpi_call 2 42 "$display", "ASSERTION FAILED in %m: b != 1'b0" {0 0 0};
    %vpi_call 2 43 "$finish" {0 0 0};
    %jmp T_0.19;
T_0.18 ;
    %vpi_call 2 45 "$display", "Success! %m: b = 1'b0" {0 0 0};
T_0.19 ;
    %load/vec4 v000001cb87c29330_0;
    %cmpi/ne 0, 0, 1;
    %jmp/0xz  T_0.20, 6;
    %vpi_call 2 42 "$display", "ASSERTION FAILED in %m: c != 1'b0" {0 0 0};
    %vpi_call 2 43 "$finish" {0 0 0};
    %jmp T_0.21;
T_0.20 ;
    %vpi_call 2 45 "$display", "Success! %m: c = 1'b0" {0 0 0};
T_0.21 ;
    %load/vec4 v000001cb87c293d0_0;
    %cmpi/ne 0, 0, 1;
    %jmp/0xz  T_0.22, 6;
    %vpi_call 2 42 "$display", "ASSERTION FAILED in %m: d != 1'b0" {0 0 0};
    %vpi_call 2 43 "$finish" {0 0 0};
    %jmp T_0.23;
T_0.22 ;
    %vpi_call 2 45 "$display", "Success! %m: d = 1'b0" {0 0 0};
T_0.23 ;
    %load/vec4 v000001cb87c28610_0;
    %cmpi/ne 0, 0, 1;
    %jmp/0xz  T_0.24, 6;
    %vpi_call 2 42 "$display", "ASSERTION FAILED in %m: e != 1'b0" {0 0 0};
    %vpi_call 2 43 "$finish" {0 0 0};
    %jmp T_0.25;
T_0.24 ;
    %vpi_call 2 45 "$display", "Success! %m: e = 1'b0" {0 0 0};
T_0.25 ;
    %load/vec4 v000001cb87c29470_0;
    %cmpi/ne 0, 0, 1;
    %jmp/0xz  T_0.26, 6;
    %vpi_call 2 42 "$display", "ASSERTION FAILED in %m: f != 1'b0" {0 0 0};
    %vpi_call 2 43 "$finish" {0 0 0};
    %jmp T_0.27;
T_0.26 ;
    %vpi_call 2 45 "$display", "Success! %m: f = 1'b0" {0 0 0};
T_0.27 ;
    %load/vec4 v000001cb87c29510_0;
    %cmpi/ne 0, 0, 1;
    %jmp/0xz  T_0.28, 6;
    %vpi_call 2 42 "$display", "ASSERTION FAILED in %m: g != 1'b0" {0 0 0};
    %vpi_call 2 43 "$finish" {0 0 0};
    %jmp T_0.29;
T_0.28 ;
    %vpi_call 2 45 "$display", "Success! %m: g = 1'b0" {0 0 0};
T_0.29 ;
    %load/vec4 v000001cb87c295b0_0;
    %cmpi/ne 0, 0, 1;
    %jmp/0xz  T_0.30, 6;
    %vpi_call 2 42 "$display", "ASSERTION FAILED in %m: h != 1'b0" {0 0 0};
    %vpi_call 2 43 "$finish" {0 0 0};
    %jmp T_0.31;
T_0.30 ;
    %vpi_call 2 45 "$display", "Success! %m: h = 1'b0" {0 0 0};
T_0.31 ;
    %pushi/vec4 0, 0, 1;
    %store/vec4 v000001cb87c298d0_0, 0, 1;
    %pushi/vec4 2, 0, 3;
    %store/vec4 v000001cb87c29a10_0, 0, 3;
    %delay 1, 0;
    %load/vec4 v000001cb87c29830_0;
    %cmpi/ne 0, 0, 1;
    %jmp/0xz  T_0.32, 6;
    %vpi_call 2 44 "$display", "ASSERTION FAILED in %m: a != 1'b0" {0 0 0};
    %vpi_call 2 45 "$finish" {0 0 0};
    %jmp T_0.33;
T_0.32 ;
    %vpi_call 2 47 "$display", "Success! %m: a = 1'b0" {0 0 0};
T_0.33 ;
    %load/vec4 v000001cb87c29290_0;
    %cmpi/ne 0, 0, 1;
    %jmp/0xz  T_0.34, 6;
    %vpi_call 2 44 "$display", "ASSERTION FAILED in %m: b != 1'b0" {0 0 0};
    %vpi_call 2 45 "$finish" {0 0 0};
    %jmp T_0.35;
T_0.34 ;
    %vpi_call 2 47 "$display", "Success! %m: b = 1'b0" {0 0 0};
T_0.35 ;
    %load/vec4 v000001cb87c29330_0;
    %cmpi/ne 0, 0, 1;
    %jmp/0xz  T_0.36, 6;
    %vpi_call 2 44 "$display", "ASSERTION FAILED in %m: c != 1'b0" {0 0 0};
    %vpi_call 2 45 "$finish" {0 0 0};
    %jmp T_0.37;
T_0.36 ;
    %vpi_call 2 47 "$display", "Success! %m: c = 1'b0" {0 0 0};
T_0.37 ;
    %load/vec4 v000001cb87c293d0_0;
    %cmpi/ne 0, 0, 1;
    %jmp/0xz  T_0.38, 6;
    %vpi_call 2 44 "$display", "ASSERTION FAILED in %m: d != 1'b0" {0 0 0};
    %vpi_call 2 45 "$finish" {0 0 0};
    %jmp T_0.39;
T_0.38 ;
    %vpi_call 2 47 "$display", "Success! %m: d = 1'b0" {0 0 0};
T_0.39 ;
    %load/vec4 v000001cb87c28610_0;
    %cmpi/ne 0, 0, 1;
    %jmp/0xz  T_0.40, 6;
    %vpi_call 2 44 "$display", "ASSERTION FAILED in %m: e != 1'b0" {0 0 0};
    %vpi_call 2 45 "$finish" {0 0 0};
    %jmp T_0.41;
T_0.40 ;
    %vpi_call 2 47 "$display", "Success! %m: e = 1'b0" {0 0 0};
T_0.41 ;
    %load/vec4 v000001cb87c29470_0;
    %cmpi/ne 0, 0, 1;
    %jmp/0xz  T_0.42, 6;
    %vpi_call 2 44 "$display", "ASSERTION FAILED in %m: f != 1'b0" {0 0 0};
    %vpi_call 2 45 "$finish" {0 0 0};
    %jmp T_0.43;
T_0.42 ;
    %vpi_call 2 47 "$display", "Success! %m: f = 1'b0" {0 0 0};
T_0.43 ;
    %load/vec4 v000001cb87c29510_0;
    %cmpi/ne 0, 0, 1;
    %jmp/0xz  T_0.44, 6;
    %vpi_call 2 44 "$display", "ASSERTION FAILED in %m: g != 1'b0" {0 0 0};
    %vpi_call 2 45 "$finish" {0 0 0};
    %jmp T_0.45;
T_0.44 ;
    %vpi_call 2 47 "$display", "Success! %m: g = 1'b0" {0 0 0};
T_0.45 ;
    %load/vec4 v000001cb87c295b0_0;
    %cmpi/ne 0, 0, 1;
    %jmp/0xz  T_0.46, 6;
    %vpi_call 2 44 "$display", "ASSERTION FAILED in %m: h != 1'b0" {0 0 0};
    %vpi_call 2 45 "$finish" {0 0 0};
    %jmp T_0.47;
T_0.46 ;
    %vpi_call 2 47 "$display", "Success! %m: h = 1'b0" {0 0 0};
T_0.47 ;
    %pushi/vec4 0, 0, 1;
    %store/vec4 v000001cb87c298d0_0, 0, 1;
    %pushi/vec4 3, 0, 3;
    %store/vec4 v000001cb87c29a10_0, 0, 3;
    %delay 1, 0;
    %load/vec4 v000001cb87c29830_0;
    %cmpi/ne 0, 0, 1;
    %jmp/0xz  T_0.48, 6;
    %vpi_call 2 46 "$display", "ASSERTION FAILED in %m: a != 1'b0" {0 0 0};
    %vpi_call 2 47 "$finish" {0 0 0};
    %jmp T_0.49;
T_0.48 ;
    %vpi_call 2 49 "$display", "Success! %m: a = 1'b0" {0 0 0};
T_0.49 ;
    %load/vec4 v000001cb87c29290_0;
    %cmpi/ne 0, 0, 1;
    %jmp/0xz  T_0.50, 6;
    %vpi_call 2 46 "$display", "ASSERTION FAILED in %m: b != 1'b0" {0 0 0};
    %vpi_call 2 47 "$finish" {0 0 0};
    %jmp T_0.51;
T_0.50 ;
    %vpi_call 2 49 "$display", "Success! %m: b = 1'b0" {0 0 0};
T_0.51 ;
    %load/vec4 v000001cb87c29330_0;
    %cmpi/ne 0, 0, 1;
    %jmp/0xz  T_0.52, 6;
    %vpi_call 2 46 "$display", "ASSERTION FAILED in %m: c != 1'b0" {0 0 0};
    %vpi_call 2 47 "$finish" {0 0 0};
    %jmp T_0.53;
T_0.52 ;
    %vpi_call 2 49 "$display", "Success! %m: c = 1'b0" {0 0 0};
T_0.53 ;
    %load/vec4 v000001cb87c293d0_0;
    %cmpi/ne 0, 0, 1;
    %jmp/0xz  T_0.54, 6;
    %vpi_call 2 46 "$display", "ASSERTION FAILED in %m: d != 1'b0" {0 0 0};
    %vpi_call 2 47 "$finish" {0 0 0};
    %jmp T_0.55;
T_0.54 ;
    %vpi_call 2 49 "$display", "Success! %m: d = 1'b0" {0 0 0};
T_0.55 ;
    %load/vec4 v000001cb87c28610_0;
    %cmpi/ne 0, 0, 1;
    %jmp/0xz  T_0.56, 6;
    %vpi_call 2 46 "$display", "ASSERTION FAILED in %m: e != 1'b0" {0 0 0};
    %vpi_call 2 47 "$finish" {0 0 0};
    %jmp T_0.57;
T_0.56 ;
    %vpi_call 2 49 "$display", "Success! %m: e = 1'b0" {0 0 0};
T_0.57 ;
    %load/vec4 v000001cb87c29470_0;
    %cmpi/ne 0, 0, 1;
    %jmp/0xz  T_0.58, 6;
    %vpi_call 2 46 "$display", "ASSERTION FAILED in %m: f != 1'b0" {0 0 0};
    %vpi_call 2 47 "$finish" {0 0 0};
    %jmp T_0.59;
T_0.58 ;
    %vpi_call 2 49 "$display", "Success! %m: f = 1'b0" {0 0 0};
T_0.59 ;
    %load/vec4 v000001cb87c29510_0;
    %cmpi/ne 0, 0, 1;
    %jmp/0xz  T_0.60, 6;
    %vpi_call 2 46 "$display", "ASSERTION FAILED in %m: g != 1'b0" {0 0 0};
    %vpi_call 2 47 "$finish" {0 0 0};
    %jmp T_0.61;
T_0.60 ;
    %vpi_call 2 49 "$display", "Success! %m: g = 1'b0" {0 0 0};
T_0.61 ;
    %load/vec4 v000001cb87c295b0_0;
    %cmpi/ne 0, 0, 1;
    %jmp/0xz  T_0.62, 6;
    %vpi_call 2 46 "$display", "ASSERTION FAILED in %m: h != 1'b0" {0 0 0};
    %vpi_call 2 47 "$finish" {0 0 0};
    %jmp T_0.63;
T_0.62 ;
    %vpi_call 2 49 "$display", "Success! %m: h = 1'b0" {0 0 0};
T_0.63 ;
    %pushi/vec4 0, 0, 1;
    %store/vec4 v000001cb87c298d0_0, 0, 1;
    %pushi/vec4 4, 0, 3;
    %store/vec4 v000001cb87c29a10_0, 0, 3;
    %delay 1, 0;
    %load/vec4 v000001cb87c29830_0;
    %cmpi/ne 0, 0, 1;
    %jmp/0xz  T_0.64, 6;
    %vpi_call 2 48 "$display", "ASSERTION FAILED in %m: a != 1'b0" {0 0 0};
    %vpi_call 2 49 "$finish" {0 0 0};
    %jmp T_0.65;
T_0.64 ;
    %vpi_call 2 51 "$display", "Success! %m: a = 1'b0" {0 0 0};
T_0.65 ;
    %load/vec4 v000001cb87c29290_0;
    %cmpi/ne 0, 0, 1;
    %jmp/0xz  T_0.66, 6;
    %vpi_call 2 48 "$display", "ASSERTION FAILED in %m: b != 1'b0" {0 0 0};
    %vpi_call 2 49 "$finish" {0 0 0};
    %jmp T_0.67;
T_0.66 ;
    %vpi_call 2 51 "$display", "Success! %m: b = 1'b0" {0 0 0};
T_0.67 ;
    %load/vec4 v000001cb87c29330_0;
    %cmpi/ne 0, 0, 1;
    %jmp/0xz  T_0.68, 6;
    %vpi_call 2 48 "$display", "ASSERTION FAILED in %m: c != 1'b0" {0 0 0};
    %vpi_call 2 49 "$finish" {0 0 0};
    %jmp T_0.69;
T_0.68 ;
    %vpi_call 2 51 "$display", "Success! %m: c = 1'b0" {0 0 0};
T_0.69 ;
    %load/vec4 v000001cb87c293d0_0;
    %cmpi/ne 0, 0, 1;
    %jmp/0xz  T_0.70, 6;
    %vpi_call 2 48 "$display", "ASSERTION FAILED in %m: d != 1'b0" {0 0 0};
    %vpi_call 2 49 "$finish" {0 0 0};
    %jmp T_0.71;
T_0.70 ;
    %vpi_call 2 51 "$display", "Success! %m: d = 1'b0" {0 0 0};
T_0.71 ;
    %load/vec4 v000001cb87c28610_0;
    %cmpi/ne 0, 0, 1;
    %jmp/0xz  T_0.72, 6;
    %vpi_call 2 48 "$display", "ASSERTION FAILED in %m: e != 1'b0" {0 0 0};
    %vpi_call 2 49 "$finish" {0 0 0};
    %jmp T_0.73;
T_0.72 ;
    %vpi_call 2 51 "$display", "Success! %m: e = 1'b0" {0 0 0};
T_0.73 ;
    %load/vec4 v000001cb87c29470_0;
    %cmpi/ne 0, 0, 1;
    %jmp/0xz  T_0.74, 6;
    %vpi_call 2 48 "$display", "ASSERTION FAILED in %m: f != 1'b0" {0 0 0};
    %vpi_call 2 49 "$finish" {0 0 0};
    %jmp T_0.75;
T_0.74 ;
    %vpi_call 2 51 "$display", "Success! %m: f = 1'b0" {0 0 0};
T_0.75 ;
    %load/vec4 v000001cb87c29510_0;
    %cmpi/ne 0, 0, 1;
    %jmp/0xz  T_0.76, 6;
    %vpi_call 2 48 "$display", "ASSERTION FAILED in %m: g != 1'b0" {0 0 0};
    %vpi_call 2 49 "$finish" {0 0 0};
    %jmp T_0.77;
T_0.76 ;
    %vpi_call 2 51 "$display", "Success! %m: g = 1'b0" {0 0 0};
T_0.77 ;
    %load/vec4 v000001cb87c295b0_0;
    %cmpi/ne 0, 0, 1;
    %jmp/0xz  T_0.78, 6;
    %vpi_call 2 48 "$display", "ASSERTION FAILED in %m: h != 1'b0" {0 0 0};
    %vpi_call 2 49 "$finish" {0 0 0};
    %jmp T_0.79;
T_0.78 ;
    %vpi_call 2 51 "$display", "Success! %m: h = 1'b0" {0 0 0};
T_0.79 ;
    %pushi/vec4 0, 0, 1;
    %store/vec4 v000001cb87c298d0_0, 0, 1;
    %pushi/vec4 5, 0, 3;
    %store/vec4 v000001cb87c29a10_0, 0, 3;
    %delay 1, 0;
    %load/vec4 v000001cb87c29830_0;
    %cmpi/ne 0, 0, 1;
    %jmp/0xz  T_0.80, 6;
    %vpi_call 2 50 "$display", "ASSERTION FAILED in %m: a != 1'b0" {0 0 0};
    %vpi_call 2 51 "$finish" {0 0 0};
    %jmp T_0.81;
T_0.80 ;
    %vpi_call 2 53 "$display", "Success! %m: a = 1'b0" {0 0 0};
T_0.81 ;
    %load/vec4 v000001cb87c29290_0;
    %cmpi/ne 0, 0, 1;
    %jmp/0xz  T_0.82, 6;
    %vpi_call 2 50 "$display", "ASSERTION FAILED in %m: b != 1'b0" {0 0 0};
    %vpi_call 2 51 "$finish" {0 0 0};
    %jmp T_0.83;
T_0.82 ;
    %vpi_call 2 53 "$display", "Success! %m: b = 1'b0" {0 0 0};
T_0.83 ;
    %load/vec4 v000001cb87c29330_0;
    %cmpi/ne 0, 0, 1;
    %jmp/0xz  T_0.84, 6;
    %vpi_call 2 50 "$display", "ASSERTION FAILED in %m: c != 1'b0" {0 0 0};
    %vpi_call 2 51 "$finish" {0 0 0};
    %jmp T_0.85;
T_0.84 ;
    %vpi_call 2 53 "$display", "Success! %m: c = 1'b0" {0 0 0};
T_0.85 ;
    %load/vec4 v000001cb87c293d0_0;
    %cmpi/ne 0, 0, 1;
    %jmp/0xz  T_0.86, 6;
    %vpi_call 2 50 "$display", "ASSERTION FAILED in %m: d != 1'b0" {0 0 0};
    %vpi_call 2 51 "$finish" {0 0 0};
    %jmp T_0.87;
T_0.86 ;
    %vpi_call 2 53 "$display", "Success! %m: d = 1'b0" {0 0 0};
T_0.87 ;
    %load/vec4 v000001cb87c28610_0;
    %cmpi/ne 0, 0, 1;
    %jmp/0xz  T_0.88, 6;
    %vpi_call 2 50 "$display", "ASSERTION FAILED in %m: e != 1'b0" {0 0 0};
    %vpi_call 2 51 "$finish" {0 0 0};
    %jmp T_0.89;
T_0.88 ;
    %vpi_call 2 53 "$display", "Success! %m: e = 1'b0" {0 0 0};
T_0.89 ;
    %load/vec4 v000001cb87c29470_0;
    %cmpi/ne 0, 0, 1;
    %jmp/0xz  T_0.90, 6;
    %vpi_call 2 50 "$display", "ASSERTION FAILED in %m: f != 1'b0" {0 0 0};
    %vpi_call 2 51 "$finish" {0 0 0};
    %jmp T_0.91;
T_0.90 ;
    %vpi_call 2 53 "$display", "Success! %m: f = 1'b0" {0 0 0};
T_0.91 ;
    %load/vec4 v000001cb87c29510_0;
    %cmpi/ne 0, 0, 1;
    %jmp/0xz  T_0.92, 6;
    %vpi_call 2 50 "$display", "ASSERTION FAILED in %m: g != 1'b0" {0 0 0};
    %vpi_call 2 51 "$finish" {0 0 0};
    %jmp T_0.93;
T_0.92 ;
    %vpi_call 2 53 "$display", "Success! %m: g = 1'b0" {0 0 0};
T_0.93 ;
    %load/vec4 v000001cb87c295b0_0;
    %cmpi/ne 0, 0, 1;
    %jmp/0xz  T_0.94, 6;
    %vpi_call 2 50 "$display", "ASSERTION FAILED in %m: h != 1'b0" {0 0 0};
    %vpi_call 2 51 "$finish" {0 0 0};
    %jmp T_0.95;
T_0.94 ;
    %vpi_call 2 53 "$display", "Success! %m: h = 1'b0" {0 0 0};
T_0.95 ;
    %pushi/vec4 0, 0, 1;
    %store/vec4 v000001cb87c298d0_0, 0, 1;
    %pushi/vec4 6, 0, 3;
    %store/vec4 v000001cb87c29a10_0, 0, 3;
    %delay 1, 0;
    %load/vec4 v000001cb87c29830_0;
    %cmpi/ne 0, 0, 1;
    %jmp/0xz  T_0.96, 6;
    %vpi_call 2 52 "$display", "ASSERTION FAILED in %m: a != 1'b0" {0 0 0};
    %vpi_call 2 53 "$finish" {0 0 0};
    %jmp T_0.97;
T_0.96 ;
    %vpi_call 2 55 "$display", "Success! %m: a = 1'b0" {0 0 0};
T_0.97 ;
    %load/vec4 v000001cb87c29290_0;
    %cmpi/ne 0, 0, 1;
    %jmp/0xz  T_0.98, 6;
    %vpi_call 2 52 "$display", "ASSERTION FAILED in %m: b != 1'b0" {0 0 0};
    %vpi_call 2 53 "$finish" {0 0 0};
    %jmp T_0.99;
T_0.98 ;
    %vpi_call 2 55 "$display", "Success! %m: b = 1'b0" {0 0 0};
T_0.99 ;
    %load/vec4 v000001cb87c29330_0;
    %cmpi/ne 0, 0, 1;
    %jmp/0xz  T_0.100, 6;
    %vpi_call 2 52 "$display", "ASSERTION FAILED in %m: c != 1'b0" {0 0 0};
    %vpi_call 2 53 "$finish" {0 0 0};
    %jmp T_0.101;
T_0.100 ;
    %vpi_call 2 55 "$display", "Success! %m: c = 1'b0" {0 0 0};
T_0.101 ;
    %load/vec4 v000001cb87c293d0_0;
    %cmpi/ne 0, 0, 1;
    %jmp/0xz  T_0.102, 6;
    %vpi_call 2 52 "$display", "ASSERTION FAILED in %m: d != 1'b0" {0 0 0};
    %vpi_call 2 53 "$finish" {0 0 0};
    %jmp T_0.103;
T_0.102 ;
    %vpi_call 2 55 "$display", "Success! %m: d = 1'b0" {0 0 0};
T_0.103 ;
    %load/vec4 v000001cb87c28610_0;
    %cmpi/ne 0, 0, 1;
    %jmp/0xz  T_0.104, 6;
    %vpi_call 2 52 "$display", "ASSERTION FAILED in %m: e != 1'b0" {0 0 0};
    %vpi_call 2 53 "$finish" {0 0 0};
    %jmp T_0.105;
T_0.104 ;
    %vpi_call 2 55 "$display", "Success! %m: e = 1'b0" {0 0 0};
T_0.105 ;
    %load/vec4 v000001cb87c29470_0;
    %cmpi/ne 0, 0, 1;
    %jmp/0xz  T_0.106, 6;
    %vpi_call 2 52 "$display", "ASSERTION FAILED in %m: f != 1'b0" {0 0 0};
    %vpi_call 2 53 "$finish" {0 0 0};
    %jmp T_0.107;
T_0.106 ;
    %vpi_call 2 55 "$display", "Success! %m: f = 1'b0" {0 0 0};
T_0.107 ;
    %load/vec4 v000001cb87c29510_0;
    %cmpi/ne 0, 0, 1;
    %jmp/0xz  T_0.108, 6;
    %vpi_call 2 52 "$display", "ASSERTION FAILED in %m: g != 1'b0" {0 0 0};
    %vpi_call 2 53 "$finish" {0 0 0};
    %jmp T_0.109;
T_0.108 ;
    %vpi_call 2 55 "$display", "Success! %m: g = 1'b0" {0 0 0};
T_0.109 ;
    %load/vec4 v000001cb87c295b0_0;
    %cmpi/ne 0, 0, 1;
    %jmp/0xz  T_0.110, 6;
    %vpi_call 2 52 "$display", "ASSERTION FAILED in %m: h != 1'b0" {0 0 0};
    %vpi_call 2 53 "$finish" {0 0 0};
    %jmp T_0.111;
T_0.110 ;
    %vpi_call 2 55 "$display", "Success! %m: h = 1'b0" {0 0 0};
T_0.111 ;
    %pushi/vec4 0, 0, 1;
    %store/vec4 v000001cb87c298d0_0, 0, 1;
    %pushi/vec4 7, 0, 3;
    %store/vec4 v000001cb87c29a10_0, 0, 3;
    %delay 1, 0;
    %load/vec4 v000001cb87c29830_0;
    %cmpi/ne 0, 0, 1;
    %jmp/0xz  T_0.112, 6;
    %vpi_call 2 54 "$display", "ASSERTION FAILED in %m: a != 1'b0" {0 0 0};
    %vpi_call 2 55 "$finish" {0 0 0};
    %jmp T_0.113;
T_0.112 ;
    %vpi_call 2 57 "$display", "Success! %m: a = 1'b0" {0 0 0};
T_0.113 ;
    %load/vec4 v000001cb87c29290_0;
    %cmpi/ne 0, 0, 1;
    %jmp/0xz  T_0.114, 6;
    %vpi_call 2 54 "$display", "ASSERTION FAILED in %m: b != 1'b0" {0 0 0};
    %vpi_call 2 55 "$finish" {0 0 0};
    %jmp T_0.115;
T_0.114 ;
    %vpi_call 2 57 "$display", "Success! %m: b = 1'b0" {0 0 0};
T_0.115 ;
    %load/vec4 v000001cb87c29330_0;
    %cmpi/ne 0, 0, 1;
    %jmp/0xz  T_0.116, 6;
    %vpi_call 2 54 "$display", "ASSERTION FAILED in %m: c != 1'b0" {0 0 0};
    %vpi_call 2 55 "$finish" {0 0 0};
    %jmp T_0.117;
T_0.116 ;
    %vpi_call 2 57 "$display", "Success! %m: c = 1'b0" {0 0 0};
T_0.117 ;
    %load/vec4 v000001cb87c293d0_0;
    %cmpi/ne 0, 0, 1;
    %jmp/0xz  T_0.118, 6;
    %vpi_call 2 54 "$display", "ASSERTION FAILED in %m: d != 1'b0" {0 0 0};
    %vpi_call 2 55 "$finish" {0 0 0};
    %jmp T_0.119;
T_0.118 ;
    %vpi_call 2 57 "$display", "Success! %m: d = 1'b0" {0 0 0};
T_0.119 ;
    %load/vec4 v000001cb87c28610_0;
    %cmpi/ne 0, 0, 1;
    %jmp/0xz  T_0.120, 6;
    %vpi_call 2 54 "$display", "ASSERTION FAILED in %m: e != 1'b0" {0 0 0};
    %vpi_call 2 55 "$finish" {0 0 0};
    %jmp T_0.121;
T_0.120 ;
    %vpi_call 2 57 "$display", "Success! %m: e = 1'b0" {0 0 0};
T_0.121 ;
    %load/vec4 v000001cb87c29470_0;
    %cmpi/ne 0, 0, 1;
    %jmp/0xz  T_0.122, 6;
    %vpi_call 2 54 "$display", "ASSERTION FAILED in %m: f != 1'b0" {0 0 0};
    %vpi_call 2 55 "$finish" {0 0 0};
    %jmp T_0.123;
T_0.122 ;
    %vpi_call 2 57 "$display", "Success! %m: f = 1'b0" {0 0 0};
T_0.123 ;
    %load/vec4 v000001cb87c29510_0;
    %cmpi/ne 0, 0, 1;
    %jmp/0xz  T_0.124, 6;
    %vpi_call 2 54 "$display", "ASSERTION FAILED in %m: g != 1'b0" {0 0 0};
    %vpi_call 2 55 "$finish" {0 0 0};
    %jmp T_0.125;
T_0.124 ;
    %vpi_call 2 57 "$display", "Success! %m: g = 1'b0" {0 0 0};
T_0.125 ;
    %load/vec4 v000001cb87c295b0_0;
    %cmpi/ne 0, 0, 1;
    %jmp/0xz  T_0.126, 6;
    %vpi_call 2 54 "$display", "ASSERTION FAILED in %m: h != 1'b0" {0 0 0};
    %vpi_call 2 55 "$finish" {0 0 0};
    %jmp T_0.127;
T_0.126 ;
    %vpi_call 2 57 "$display", "Success! %m: h = 1'b0" {0 0 0};
T_0.127 ;
    %pushi/vec4 1, 0, 1;
    %store/vec4 v000001cb87c298d0_0, 0, 1;
    %pushi/vec4 0, 0, 3;
    %store/vec4 v000001cb87c29a10_0, 0, 3;
    %delay 1, 0;
    %load/vec4 v000001cb87c29830_0;
    %cmpi/ne 1, 0, 1;
    %jmp/0xz  T_0.128, 6;
    %vpi_call 2 56 "$display", "ASSERTION FAILED in %m: a != 1'b1" {0 0 0};
    %vpi_call 2 57 "$finish" {0 0 0};
    %jmp T_0.129;
T_0.128 ;
    %vpi_call 2 59 "$display", "Success! %m: a = 1'b1" {0 0 0};
T_0.129 ;
    %load/vec4 v000001cb87c29290_0;
    %cmpi/ne 0, 0, 1;
    %jmp/0xz  T_0.130, 6;
    %vpi_call 2 56 "$display", "ASSERTION FAILED in %m: b != 1'b0" {0 0 0};
    %vpi_call 2 57 "$finish" {0 0 0};
    %jmp T_0.131;
T_0.130 ;
    %vpi_call 2 59 "$display", "Success! %m: b = 1'b0" {0 0 0};
T_0.131 ;
    %load/vec4 v000001cb87c29330_0;
    %cmpi/ne 0, 0, 1;
    %jmp/0xz  T_0.132, 6;
    %vpi_call 2 56 "$display", "ASSERTION FAILED in %m: c != 1'b0" {0 0 0};
    %vpi_call 2 57 "$finish" {0 0 0};
    %jmp T_0.133;
T_0.132 ;
    %vpi_call 2 59 "$display", "Success! %m: c = 1'b0" {0 0 0};
T_0.133 ;
    %load/vec4 v000001cb87c293d0_0;
    %cmpi/ne 0, 0, 1;
    %jmp/0xz  T_0.134, 6;
    %vpi_call 2 56 "$display", "ASSERTION FAILED in %m: d != 1'b0" {0 0 0};
    %vpi_call 2 57 "$finish" {0 0 0};
    %jmp T_0.135;
T_0.134 ;
    %vpi_call 2 59 "$display", "Success! %m: d = 1'b0" {0 0 0};
T_0.135 ;
    %load/vec4 v000001cb87c28610_0;
    %cmpi/ne 0, 0, 1;
    %jmp/0xz  T_0.136, 6;
    %vpi_call 2 56 "$display", "ASSERTION FAILED in %m: e != 1'b0" {0 0 0};
    %vpi_call 2 57 "$finish" {0 0 0};
    %jmp T_0.137;
T_0.136 ;
    %vpi_call 2 59 "$display", "Success! %m: e = 1'b0" {0 0 0};
T_0.137 ;
    %load/vec4 v000001cb87c29470_0;
    %cmpi/ne 0, 0, 1;
    %jmp/0xz  T_0.138, 6;
    %vpi_call 2 56 "$display", "ASSERTION FAILED in %m: f != 1'b0" {0 0 0};
    %vpi_call 2 57 "$finish" {0 0 0};
    %jmp T_0.139;
T_0.138 ;
    %vpi_call 2 59 "$display", "Success! %m: f = 1'b0" {0 0 0};
T_0.139 ;
    %load/vec4 v000001cb87c29510_0;
    %cmpi/ne 0, 0, 1;
    %jmp/0xz  T_0.140, 6;
    %vpi_call 2 56 "$display", "ASSERTION FAILED in %m: g != 1'b0" {0 0 0};
    %vpi_call 2 57 "$finish" {0 0 0};
    %jmp T_0.141;
T_0.140 ;
    %vpi_call 2 59 "$display", "Success! %m: g = 1'b0" {0 0 0};
T_0.141 ;
    %load/vec4 v000001cb87c295b0_0;
    %cmpi/ne 0, 0, 1;
    %jmp/0xz  T_0.142, 6;
    %vpi_call 2 56 "$display", "ASSERTION FAILED in %m: h != 1'b0" {0 0 0};
    %vpi_call 2 57 "$finish" {0 0 0};
    %jmp T_0.143;
T_0.142 ;
    %vpi_call 2 59 "$display", "Success! %m: h = 1'b0" {0 0 0};
T_0.143 ;
    %pushi/vec4 1, 0, 1;
    %store/vec4 v000001cb87c298d0_0, 0, 1;
    %pushi/vec4 1, 0, 3;
    %store/vec4 v000001cb87c29a10_0, 0, 3;
    %delay 1, 0;
    %load/vec4 v000001cb87c29830_0;
    %cmpi/ne 0, 0, 1;
    %jmp/0xz  T_0.144, 6;
    %vpi_call 2 58 "$display", "ASSERTION FAILED in %m: a != 1'b0" {0 0 0};
    %vpi_call 2 59 "$finish" {0 0 0};
    %jmp T_0.145;
T_0.144 ;
    %vpi_call 2 61 "$display", "Success! %m: a = 1'b0" {0 0 0};
T_0.145 ;
    %load/vec4 v000001cb87c29290_0;
    %cmpi/ne 1, 0, 1;
    %jmp/0xz  T_0.146, 6;
    %vpi_call 2 58 "$display", "ASSERTION FAILED in %m: b != 1'b1" {0 0 0};
    %vpi_call 2 59 "$finish" {0 0 0};
    %jmp T_0.147;
T_0.146 ;
    %vpi_call 2 61 "$display", "Success! %m: b = 1'b1" {0 0 0};
T_0.147 ;
    %load/vec4 v000001cb87c29330_0;
    %cmpi/ne 0, 0, 1;
    %jmp/0xz  T_0.148, 6;
    %vpi_call 2 58 "$display", "ASSERTION FAILED in %m: c != 1'b0" {0 0 0};
    %vpi_call 2 59 "$finish" {0 0 0};
    %jmp T_0.149;
T_0.148 ;
    %vpi_call 2 61 "$display", "Success! %m: c = 1'b0" {0 0 0};
T_0.149 ;
    %load/vec4 v000001cb87c293d0_0;
    %cmpi/ne 0, 0, 1;
    %jmp/0xz  T_0.150, 6;
    %vpi_call 2 58 "$display", "ASSERTION FAILED in %m: d != 1'b0" {0 0 0};
    %vpi_call 2 59 "$finish" {0 0 0};
    %jmp T_0.151;
T_0.150 ;
    %vpi_call 2 61 "$display", "Success! %m: d = 1'b0" {0 0 0};
T_0.151 ;
    %load/vec4 v000001cb87c28610_0;
    %cmpi/ne 0, 0, 1;
    %jmp/0xz  T_0.152, 6;
    %vpi_call 2 58 "$display", "ASSERTION FAILED in %m: e != 1'b0" {0 0 0};
    %vpi_call 2 59 "$finish" {0 0 0};
    %jmp T_0.153;
T_0.152 ;
    %vpi_call 2 61 "$display", "Success! %m: e = 1'b0" {0 0 0};
T_0.153 ;
    %load/vec4 v000001cb87c29470_0;
    %cmpi/ne 0, 0, 1;
    %jmp/0xz  T_0.154, 6;
    %vpi_call 2 58 "$display", "ASSERTION FAILED in %m: f != 1'b0" {0 0 0};
    %vpi_call 2 59 "$finish" {0 0 0};
    %jmp T_0.155;
T_0.154 ;
    %vpi_call 2 61 "$display", "Success! %m: f = 1'b0" {0 0 0};
T_0.155 ;
    %load/vec4 v000001cb87c29510_0;
    %cmpi/ne 0, 0, 1;
    %jmp/0xz  T_0.156, 6;
    %vpi_call 2 58 "$display", "ASSERTION FAILED in %m: g != 1'b0" {0 0 0};
    %vpi_call 2 59 "$finish" {0 0 0};
    %jmp T_0.157;
T_0.156 ;
    %vpi_call 2 61 "$display", "Success! %m: g = 1'b0" {0 0 0};
T_0.157 ;
    %load/vec4 v000001cb87c295b0_0;
    %cmpi/ne 0, 0, 1;
    %jmp/0xz  T_0.158, 6;
    %vpi_call 2 58 "$display", "ASSERTION FAILED in %m: h != 1'b0" {0 0 0};
    %vpi_call 2 59 "$finish" {0 0 0};
    %jmp T_0.159;
T_0.158 ;
    %vpi_call 2 61 "$display", "Success! %m: h = 1'b0" {0 0 0};
T_0.159 ;
    %pushi/vec4 1, 0, 1;
    %store/vec4 v000001cb87c298d0_0, 0, 1;
    %pushi/vec4 2, 0, 3;
    %store/vec4 v000001cb87c29a10_0, 0, 3;
    %delay 1, 0;
    %load/vec4 v000001cb87c29830_0;
    %cmpi/ne 0, 0, 1;
    %jmp/0xz  T_0.160, 6;
    %vpi_call 2 60 "$display", "ASSERTION FAILED in %m: a != 1'b0" {0 0 0};
    %vpi_call 2 61 "$finish" {0 0 0};
    %jmp T_0.161;
T_0.160 ;
    %vpi_call 2 63 "$display", "Success! %m: a = 1'b0" {0 0 0};
T_0.161 ;
    %load/vec4 v000001cb87c29290_0;
    %cmpi/ne 0, 0, 1;
    %jmp/0xz  T_0.162, 6;
    %vpi_call 2 60 "$display", "ASSERTION FAILED in %m: b != 1'b0" {0 0 0};
    %vpi_call 2 61 "$finish" {0 0 0};
    %jmp T_0.163;
T_0.162 ;
    %vpi_call 2 63 "$display", "Success! %m: b = 1'b0" {0 0 0};
T_0.163 ;
    %load/vec4 v000001cb87c29330_0;
    %cmpi/ne 1, 0, 1;
    %jmp/0xz  T_0.164, 6;
    %vpi_call 2 60 "$display", "ASSERTION FAILED in %m: c != 1'b1" {0 0 0};
    %vpi_call 2 61 "$finish" {0 0 0};
    %jmp T_0.165;
T_0.164 ;
    %vpi_call 2 63 "$display", "Success! %m: c = 1'b1" {0 0 0};
T_0.165 ;
    %load/vec4 v000001cb87c293d0_0;
    %cmpi/ne 0, 0, 1;
    %jmp/0xz  T_0.166, 6;
    %vpi_call 2 60 "$display", "ASSERTION FAILED in %m: d != 1'b0" {0 0 0};
    %vpi_call 2 61 "$finish" {0 0 0};
    %jmp T_0.167;
T_0.166 ;
    %vpi_call 2 63 "$display", "Success! %m: d = 1'b0" {0 0 0};
T_0.167 ;
    %load/vec4 v000001cb87c28610_0;
    %cmpi/ne 0, 0, 1;
    %jmp/0xz  T_0.168, 6;
    %vpi_call 2 60 "$display", "ASSERTION FAILED in %m: e != 1'b0" {0 0 0};
    %vpi_call 2 61 "$finish" {0 0 0};
    %jmp T_0.169;
T_0.168 ;
    %vpi_call 2 63 "$display", "Success! %m: e = 1'b0" {0 0 0};
T_0.169 ;
    %load/vec4 v000001cb87c29470_0;
    %cmpi/ne 0, 0, 1;
    %jmp/0xz  T_0.170, 6;
    %vpi_call 2 60 "$display", "ASSERTION FAILED in %m: f != 1'b0" {0 0 0};
    %vpi_call 2 61 "$finish" {0 0 0};
    %jmp T_0.171;
T_0.170 ;
    %vpi_call 2 63 "$display", "Success! %m: f = 1'b0" {0 0 0};
T_0.171 ;
    %load/vec4 v000001cb87c29510_0;
    %cmpi/ne 0, 0, 1;
    %jmp/0xz  T_0.172, 6;
    %vpi_call 2 60 "$display", "ASSERTION FAILED in %m: g != 1'b0" {0 0 0};
    %vpi_call 2 61 "$finish" {0 0 0};
    %jmp T_0.173;
T_0.172 ;
    %vpi_call 2 63 "$display", "Success! %m: g = 1'b0" {0 0 0};
T_0.173 ;
    %load/vec4 v000001cb87c295b0_0;
    %cmpi/ne 0, 0, 1;
    %jmp/0xz  T_0.174, 6;
    %vpi_call 2 60 "$display", "ASSERTION FAILED in %m: h != 1'b0" {0 0 0};
    %vpi_call 2 61 "$finish" {0 0 0};
    %jmp T_0.175;
T_0.174 ;
    %vpi_call 2 63 "$display", "Success! %m: h = 1'b0" {0 0 0};
T_0.175 ;
    %pushi/vec4 1, 0, 1;
    %store/vec4 v000001cb87c298d0_0, 0, 1;
    %pushi/vec4 3, 0, 3;
    %store/vec4 v000001cb87c29a10_0, 0, 3;
    %delay 1, 0;
    %load/vec4 v000001cb87c29830_0;
    %cmpi/ne 0, 0, 1;
    %jmp/0xz  T_0.176, 6;
    %vpi_call 2 62 "$display", "ASSERTION FAILED in %m: a != 1'b0" {0 0 0};
    %vpi_call 2 63 "$finish" {0 0 0};
    %jmp T_0.177;
T_0.176 ;
    %vpi_call 2 65 "$display", "Success! %m: a = 1'b0" {0 0 0};
T_0.177 ;
    %load/vec4 v000001cb87c29290_0;
    %cmpi/ne 0, 0, 1;
    %jmp/0xz  T_0.178, 6;
    %vpi_call 2 62 "$display", "ASSERTION FAILED in %m: b != 1'b0" {0 0 0};
    %vpi_call 2 63 "$finish" {0 0 0};
    %jmp T_0.179;
T_0.178 ;
    %vpi_call 2 65 "$display", "Success! %m: b = 1'b0" {0 0 0};
T_0.179 ;
    %load/vec4 v000001cb87c29330_0;
    %cmpi/ne 0, 0, 1;
    %jmp/0xz  T_0.180, 6;
    %vpi_call 2 62 "$display", "ASSERTION FAILED in %m: c != 1'b0" {0 0 0};
    %vpi_call 2 63 "$finish" {0 0 0};
    %jmp T_0.181;
T_0.180 ;
    %vpi_call 2 65 "$display", "Success! %m: c = 1'b0" {0 0 0};
T_0.181 ;
    %load/vec4 v000001cb87c293d0_0;
    %cmpi/ne 1, 0, 1;
    %jmp/0xz  T_0.182, 6;
    %vpi_call 2 62 "$display", "ASSERTION FAILED in %m: d != 1'b1" {0 0 0};
    %vpi_call 2 63 "$finish" {0 0 0};
    %jmp T_0.183;
T_0.182 ;
    %vpi_call 2 65 "$display", "Success! %m: d = 1'b1" {0 0 0};
T_0.183 ;
    %load/vec4 v000001cb87c28610_0;
    %cmpi/ne 0, 0, 1;
    %jmp/0xz  T_0.184, 6;
    %vpi_call 2 62 "$display", "ASSERTION FAILED in %m: e != 1'b0" {0 0 0};
    %vpi_call 2 63 "$finish" {0 0 0};
    %jmp T_0.185;
T_0.184 ;
    %vpi_call 2 65 "$display", "Success! %m: e = 1'b0" {0 0 0};
T_0.185 ;
    %load/vec4 v000001cb87c29470_0;
    %cmpi/ne 0, 0, 1;
    %jmp/0xz  T_0.186, 6;
    %vpi_call 2 62 "$display", "ASSERTION FAILED in %m: f != 1'b0" {0 0 0};
    %vpi_call 2 63 "$finish" {0 0 0};
    %jmp T_0.187;
T_0.186 ;
    %vpi_call 2 65 "$display", "Success! %m: f = 1'b0" {0 0 0};
T_0.187 ;
    %load/vec4 v000001cb87c29510_0;
    %cmpi/ne 0, 0, 1;
    %jmp/0xz  T_0.188, 6;
    %vpi_call 2 62 "$display", "ASSERTION FAILED in %m: g != 1'b0" {0 0 0};
    %vpi_call 2 63 "$finish" {0 0 0};
    %jmp T_0.189;
T_0.188 ;
    %vpi_call 2 65 "$display", "Success! %m: g = 1'b0" {0 0 0};
T_0.189 ;
    %load/vec4 v000001cb87c295b0_0;
    %cmpi/ne 0, 0, 1;
    %jmp/0xz  T_0.190, 6;
    %vpi_call 2 62 "$display", "ASSERTION FAILED in %m: h != 1'b0" {0 0 0};
    %vpi_call 2 63 "$finish" {0 0 0};
    %jmp T_0.191;
T_0.190 ;
    %vpi_call 2 65 "$display", "Success! %m: h = 1'b0" {0 0 0};
T_0.191 ;
    %pushi/vec4 1, 0, 1;
    %store/vec4 v000001cb87c298d0_0, 0, 1;
    %pushi/vec4 4, 0, 3;
    %store/vec4 v000001cb87c29a10_0, 0, 3;
    %delay 1, 0;
    %load/vec4 v000001cb87c29830_0;
    %cmpi/ne 0, 0, 1;
    %jmp/0xz  T_0.192, 6;
    %vpi_call 2 64 "$display", "ASSERTION FAILED in %m: a != 1'b0" {0 0 0};
    %vpi_call 2 65 "$finish" {0 0 0};
    %jmp T_0.193;
T_0.192 ;
    %vpi_call 2 67 "$display", "Success! %m: a = 1'b0" {0 0 0};
T_0.193 ;
    %load/vec4 v000001cb87c29290_0;
    %cmpi/ne 0, 0, 1;
    %jmp/0xz  T_0.194, 6;
    %vpi_call 2 64 "$display", "ASSERTION FAILED in %m: b != 1'b0" {0 0 0};
    %vpi_call 2 65 "$finish" {0 0 0};
    %jmp T_0.195;
T_0.194 ;
    %vpi_call 2 67 "$display", "Success! %m: b = 1'b0" {0 0 0};
T_0.195 ;
    %load/vec4 v000001cb87c29330_0;
    %cmpi/ne 0, 0, 1;
    %jmp/0xz  T_0.196, 6;
    %vpi_call 2 64 "$display", "ASSERTION FAILED in %m: c != 1'b0" {0 0 0};
    %vpi_call 2 65 "$finish" {0 0 0};
    %jmp T_0.197;
T_0.196 ;
    %vpi_call 2 67 "$display", "Success! %m: c = 1'b0" {0 0 0};
T_0.197 ;
    %load/vec4 v000001cb87c293d0_0;
    %cmpi/ne 0, 0, 1;
    %jmp/0xz  T_0.198, 6;
    %vpi_call 2 64 "$display", "ASSERTION FAILED in %m: d != 1'b0" {0 0 0};
    %vpi_call 2 65 "$finish" {0 0 0};
    %jmp T_0.199;
T_0.198 ;
    %vpi_call 2 67 "$display", "Success! %m: d = 1'b0" {0 0 0};
T_0.199 ;
    %load/vec4 v000001cb87c28610_0;
    %cmpi/ne 1, 0, 1;
    %jmp/0xz  T_0.200, 6;
    %vpi_call 2 64 "$display", "ASSERTION FAILED in %m: e != 1'b1" {0 0 0};
    %vpi_call 2 65 "$finish" {0 0 0};
    %jmp T_0.201;
T_0.200 ;
    %vpi_call 2 67 "$display", "Success! %m: e = 1'b1" {0 0 0};
T_0.201 ;
    %load/vec4 v000001cb87c29470_0;
    %cmpi/ne 0, 0, 1;
    %jmp/0xz  T_0.202, 6;
    %vpi_call 2 64 "$display", "ASSERTION FAILED in %m: f != 1'b0" {0 0 0};
    %vpi_call 2 65 "$finish" {0 0 0};
    %jmp T_0.203;
T_0.202 ;
    %vpi_call 2 67 "$display", "Success! %m: f = 1'b0" {0 0 0};
T_0.203 ;
    %load/vec4 v000001cb87c29510_0;
    %cmpi/ne 0, 0, 1;
    %jmp/0xz  T_0.204, 6;
    %vpi_call 2 64 "$display", "ASSERTION FAILED in %m: g != 1'b0" {0 0 0};
    %vpi_call 2 65 "$finish" {0 0 0};
    %jmp T_0.205;
T_0.204 ;
    %vpi_call 2 67 "$display", "Success! %m: g = 1'b0" {0 0 0};
T_0.205 ;
    %load/vec4 v000001cb87c295b0_0;
    %cmpi/ne 0, 0, 1;
    %jmp/0xz  T_0.206, 6;
    %vpi_call 2 64 "$display", "ASSERTION FAILED in %m: h != 1'b0" {0 0 0};
    %vpi_call 2 65 "$finish" {0 0 0};
    %jmp T_0.207;
T_0.206 ;
    %vpi_call 2 67 "$display", "Success! %m: h = 1'b0" {0 0 0};
T_0.207 ;
    %pushi/vec4 1, 0, 1;
    %store/vec4 v000001cb87c298d0_0, 0, 1;
    %pushi/vec4 5, 0, 3;
    %store/vec4 v000001cb87c29a10_0, 0, 3;
    %delay 1, 0;
    %load/vec4 v000001cb87c29830_0;
    %cmpi/ne 0, 0, 1;
    %jmp/0xz  T_0.208, 6;
    %vpi_call 2 66 "$display", "ASSERTION FAILED in %m: a != 1'b0" {0 0 0};
    %vpi_call 2 67 "$finish" {0 0 0};
    %jmp T_0.209;
T_0.208 ;
    %vpi_call 2 69 "$display", "Success! %m: a = 1'b0" {0 0 0};
T_0.209 ;
    %load/vec4 v000001cb87c29290_0;
    %cmpi/ne 0, 0, 1;
    %jmp/0xz  T_0.210, 6;
    %vpi_call 2 66 "$display", "ASSERTION FAILED in %m: b != 1'b0" {0 0 0};
    %vpi_call 2 67 "$finish" {0 0 0};
    %jmp T_0.211;
T_0.210 ;
    %vpi_call 2 69 "$display", "Success! %m: b = 1'b0" {0 0 0};
T_0.211 ;
    %load/vec4 v000001cb87c29330_0;
    %cmpi/ne 0, 0, 1;
    %jmp/0xz  T_0.212, 6;
    %vpi_call 2 66 "$display", "ASSERTION FAILED in %m: c != 1'b0" {0 0 0};
    %vpi_call 2 67 "$finish" {0 0 0};
    %jmp T_0.213;
T_0.212 ;
    %vpi_call 2 69 "$display", "Success! %m: c = 1'b0" {0 0 0};
T_0.213 ;
    %load/vec4 v000001cb87c293d0_0;
    %cmpi/ne 0, 0, 1;
    %jmp/0xz  T_0.214, 6;
    %vpi_call 2 66 "$display", "ASSERTION FAILED in %m: d != 1'b0" {0 0 0};
    %vpi_call 2 67 "$finish" {0 0 0};
    %jmp T_0.215;
T_0.214 ;
    %vpi_call 2 69 "$display", "Success! %m: d = 1'b0" {0 0 0};
T_0.215 ;
    %load/vec4 v000001cb87c28610_0;
    %cmpi/ne 0, 0, 1;
    %jmp/0xz  T_0.216, 6;
    %vpi_call 2 66 "$display", "ASSERTION FAILED in %m: e != 1'b0" {0 0 0};
    %vpi_call 2 67 "$finish" {0 0 0};
    %jmp T_0.217;
T_0.216 ;
    %vpi_call 2 69 "$display", "Success! %m: e = 1'b0" {0 0 0};
T_0.217 ;
    %load/vec4 v000001cb87c29470_0;
    %cmpi/ne 1, 0, 1;
    %jmp/0xz  T_0.218, 6;
    %vpi_call 2 66 "$display", "ASSERTION FAILED in %m: f != 1'b1" {0 0 0};
    %vpi_call 2 67 "$finish" {0 0 0};
    %jmp T_0.219;
T_0.218 ;
    %vpi_call 2 69 "$display", "Success! %m: f = 1'b1" {0 0 0};
T_0.219 ;
    %load/vec4 v000001cb87c29510_0;
    %cmpi/ne 0, 0, 1;
    %jmp/0xz  T_0.220, 6;
    %vpi_call 2 66 "$display", "ASSERTION FAILED in %m: g != 1'b0" {0 0 0};
    %vpi_call 2 67 "$finish" {0 0 0};
    %jmp T_0.221;
T_0.220 ;
    %vpi_call 2 69 "$display", "Success! %m: g = 1'b0" {0 0 0};
T_0.221 ;
    %load/vec4 v000001cb87c295b0_0;
    %cmpi/ne 0, 0, 1;
    %jmp/0xz  T_0.222, 6;
    %vpi_call 2 66 "$display", "ASSERTION FAILED in %m: h != 1'b0" {0 0 0};
    %vpi_call 2 67 "$finish" {0 0 0};
    %jmp T_0.223;
T_0.222 ;
    %vpi_call 2 69 "$display", "Success! %m: h = 1'b0" {0 0 0};
T_0.223 ;
    %pushi/vec4 1, 0, 1;
    %store/vec4 v000001cb87c298d0_0, 0, 1;
    %pushi/vec4 6, 0, 3;
    %store/vec4 v000001cb87c29a10_0, 0, 3;
    %delay 1, 0;
    %load/vec4 v000001cb87c29830_0;
    %cmpi/ne 0, 0, 1;
    %jmp/0xz  T_0.224, 6;
    %vpi_call 2 68 "$display", "ASSERTION FAILED in %m: a != 1'b0" {0 0 0};
    %vpi_call 2 69 "$finish" {0 0 0};
    %jmp T_0.225;
T_0.224 ;
    %vpi_call 2 71 "$display", "Success! %m: a = 1'b0" {0 0 0};
T_0.225 ;
    %load/vec4 v000001cb87c29290_0;
    %cmpi/ne 0, 0, 1;
    %jmp/0xz  T_0.226, 6;
    %vpi_call 2 68 "$display", "ASSERTION FAILED in %m: b != 1'b0" {0 0 0};
    %vpi_call 2 69 "$finish" {0 0 0};
    %jmp T_0.227;
T_0.226 ;
    %vpi_call 2 71 "$display", "Success! %m: b = 1'b0" {0 0 0};
T_0.227 ;
    %load/vec4 v000001cb87c29330_0;
    %cmpi/ne 0, 0, 1;
    %jmp/0xz  T_0.228, 6;
    %vpi_call 2 68 "$display", "ASSERTION FAILED in %m: c != 1'b0" {0 0 0};
    %vpi_call 2 69 "$finish" {0 0 0};
    %jmp T_0.229;
T_0.228 ;
    %vpi_call 2 71 "$display", "Success! %m: c = 1'b0" {0 0 0};
T_0.229 ;
    %load/vec4 v000001cb87c293d0_0;
    %cmpi/ne 0, 0, 1;
    %jmp/0xz  T_0.230, 6;
    %vpi_call 2 68 "$display", "ASSERTION FAILED in %m: d != 1'b0" {0 0 0};
    %vpi_call 2 69 "$finish" {0 0 0};
    %jmp T_0.231;
T_0.230 ;
    %vpi_call 2 71 "$display", "Success! %m: d = 1'b0" {0 0 0};
T_0.231 ;
    %load/vec4 v000001cb87c28610_0;
    %cmpi/ne 0, 0, 1;
    %jmp/0xz  T_0.232, 6;
    %vpi_call 2 68 "$display", "ASSERTION FAILED in %m: e != 1'b0" {0 0 0};
    %vpi_call 2 69 "$finish" {0 0 0};
    %jmp T_0.233;
T_0.232 ;
    %vpi_call 2 71 "$display", "Success! %m: e = 1'b0" {0 0 0};
T_0.233 ;
    %load/vec4 v000001cb87c29470_0;
    %cmpi/ne 0, 0, 1;
    %jmp/0xz  T_0.234, 6;
    %vpi_call 2 68 "$display", "ASSERTION FAILED in %m: f != 1'b0" {0 0 0};
    %vpi_call 2 69 "$finish" {0 0 0};
    %jmp T_0.235;
T_0.234 ;
    %vpi_call 2 71 "$display", "Success! %m: f = 1'b0" {0 0 0};
T_0.235 ;
    %load/vec4 v000001cb87c29510_0;
    %cmpi/ne 1, 0, 1;
    %jmp/0xz  T_0.236, 6;
    %vpi_call 2 68 "$display", "ASSERTION FAILED in %m: g != 1'b1" {0 0 0};
    %vpi_call 2 69 "$finish" {0 0 0};
    %jmp T_0.237;
T_0.236 ;
    %vpi_call 2 71 "$display", "Success! %m: g = 1'b1" {0 0 0};
T_0.237 ;
    %load/vec4 v000001cb87c295b0_0;
    %cmpi/ne 0, 0, 1;
    %jmp/0xz  T_0.238, 6;
    %vpi_call 2 68 "$display", "ASSERTION FAILED in %m: h != 1'b0" {0 0 0};
    %vpi_call 2 69 "$finish" {0 0 0};
    %jmp T_0.239;
T_0.238 ;
    %vpi_call 2 71 "$display", "Success! %m: h = 1'b0" {0 0 0};
T_0.239 ;
    %pushi/vec4 1, 0, 1;
    %store/vec4 v000001cb87c298d0_0, 0, 1;
    %pushi/vec4 7, 0, 3;
    %store/vec4 v000001cb87c29a10_0, 0, 3;
    %delay 1, 0;
    %load/vec4 v000001cb87c29830_0;
    %cmpi/ne 0, 0, 1;
    %jmp/0xz  T_0.240, 6;
    %vpi_call 2 70 "$display", "ASSERTION FAILED in %m: a != 1'b0" {0 0 0};
    %vpi_call 2 71 "$finish" {0 0 0};
    %jmp T_0.241;
T_0.240 ;
    %vpi_call 2 73 "$display", "Success! %m: a = 1'b0" {0 0 0};
T_0.241 ;
    %load/vec4 v000001cb87c29290_0;
    %cmpi/ne 0, 0, 1;
    %jmp/0xz  T_0.242, 6;
    %vpi_call 2 70 "$display", "ASSERTION FAILED in %m: b != 1'b0" {0 0 0};
    %vpi_call 2 71 "$finish" {0 0 0};
    %jmp T_0.243;
T_0.242 ;
    %vpi_call 2 73 "$display", "Success! %m: b = 1'b0" {0 0 0};
T_0.243 ;
    %load/vec4 v000001cb87c29330_0;
    %cmpi/ne 0, 0, 1;
    %jmp/0xz  T_0.244, 6;
    %vpi_call 2 70 "$display", "ASSERTION FAILED in %m: c != 1'b0" {0 0 0};
    %vpi_call 2 71 "$finish" {0 0 0};
    %jmp T_0.245;
T_0.244 ;
    %vpi_call 2 73 "$display", "Success! %m: c = 1'b0" {0 0 0};
T_0.245 ;
    %load/vec4 v000001cb87c293d0_0;
    %cmpi/ne 0, 0, 1;
    %jmp/0xz  T_0.246, 6;
    %vpi_call 2 70 "$display", "ASSERTION FAILED in %m: d != 1'b0" {0 0 0};
    %vpi_call 2 71 "$finish" {0 0 0};
    %jmp T_0.247;
T_0.246 ;
    %vpi_call 2 73 "$display", "Success! %m: d = 1'b0" {0 0 0};
T_0.247 ;
    %load/vec4 v000001cb87c28610_0;
    %cmpi/ne 0, 0, 1;
    %jmp/0xz  T_0.248, 6;
    %vpi_call 2 70 "$display", "ASSERTION FAILED in %m: e != 1'b0" {0 0 0};
    %vpi_call 2 71 "$finish" {0 0 0};
    %jmp T_0.249;
T_0.248 ;
    %vpi_call 2 73 "$display", "Success! %m: e = 1'b0" {0 0 0};
T_0.249 ;
    %load/vec4 v000001cb87c29470_0;
    %cmpi/ne 0, 0, 1;
    %jmp/0xz  T_0.250, 6;
    %vpi_call 2 70 "$display", "ASSERTION FAILED in %m: f != 1'b0" {0 0 0};
    %vpi_call 2 71 "$finish" {0 0 0};
    %jmp T_0.251;
T_0.250 ;
    %vpi_call 2 73 "$display", "Success! %m: f = 1'b0" {0 0 0};
T_0.251 ;
    %load/vec4 v000001cb87c29510_0;
    %cmpi/ne 0, 0, 1;
    %jmp/0xz  T_0.252, 6;
    %vpi_call 2 70 "$display", "ASSERTION FAILED in %m: g != 1'b0" {0 0 0};
    %vpi_call 2 71 "$finish" {0 0 0};
    %jmp T_0.253;
T_0.252 ;
    %vpi_call 2 73 "$display", "Success! %m: g = 1'b0" {0 0 0};
T_0.253 ;
    %load/vec4 v000001cb87c295b0_0;
    %cmpi/ne 1, 0, 1;
    %jmp/0xz  T_0.254, 6;
    %vpi_call 2 70 "$display", "ASSERTION FAILED in %m: h != 1'b1" {0 0 0};
    %vpi_call 2 71 "$finish" {0 0 0};
    %jmp T_0.255;
T_0.254 ;
    %vpi_call 2 73 "$display", "Success! %m: h = 1'b1" {0 0 0};
T_0.255 ;
    %end;
    .thread T_0;
# The file index is used to find the file name in the following table.
:file_names 5;
    "N/A";
    "<interactive>";
    "tb_DMux8Way.v";
    "./DMux8Way.v";
    "./DMux.v";
